SF:/Users/sebastiansandqvist/Documents/Sites & Projects/apps/modules/s-dom/index.js
DA:1,1
DA:7,1
DA:8,42
DA:18,1
DA:19,3
DA:25,1
DA:27,26
DA:28,26
DA:30,26
DA:37,1
DA:39,19
DA:40,1
DA:43,18
DA:46,18
DA:48,3
DA:50,3
DA:51,7
DA:52,7
DA:53,7
DA:59,15
DA:62,18
DA:69,1
DA:71,1
DA:73,1
DA:74,1
DA:76,1
DA:83,1
DA:86,24
DA:87,1
DA:91,23
DA:92,1
DA:96,23
DA:97,23
DA:100,23
DA:109,1
DA:111,11
DA:112,3
DA:116,8
DA:117,1
DA:118,3
DA:123,7
DA:127,8
DA:141,1
DA:143,1
DA:144,1
DA:192,1
DA:194,42
DA:197,42
DA:200,15
DA:202,12
DA:203,7
DA:206,5
DA:210,15
DA:211,15
DA:214,15
DA:215,6
DA:219,9
DA:220,4
DA:224,5
DA:225,3
DA:229,2
DA:230,1
DA:235,1
DA:241,42
end_of_record
